INFO:root:2024-05-14 09:00:04 - ******** This is Module  __main__  GO ***************************
INFO:root:2024-05-14 09:02:09 - ******** This is Module  ppocr_webcam.py  GO ***************************
INFO:root:2024-05-14 09:18:23 - ******** This is Module  ppocr_webcam.py  GO ***************************
INFO:root:2024-05-14 09:18:23 - inifile : D:\ALL_PROJECT\a_Bosch\pyQT5_experimental\ai\paddle4github\config.ini
INFO:root:2024-05-14 09:18:23 - try.. PaddleOCR( .. 
INFO:root:2024-05-14 09:19:02 - waitkey() - user pressed p - PAUSE
INFO:root:2024-05-14 09:19:10 - waitkey() - user pressed q - quit Application
INFO:root:2024-05-14 09:19:10 - ******** This is Module  ppocr_webcam.py  END **************************
INFO:root:2024-05-14 09:21:51 - ******** This is Module  ppocr_webcam.py  GO ***************************
INFO:root:2024-05-14 09:21:51 - inifile : D:\ALL_PROJECT\a_Bosch\pyQT5_experimental\ai\paddle4github\config.ini
INFO:root:2024-05-14 09:21:51 - Camera Nr __ 1 __ is selected
INFO:root:2024-05-14 09:21:51 - try.. PaddleOCR( .. 
INFO:root:2024-05-14 09:22:06 - waitkey() - user pressed q - quit Application
INFO:root:2024-05-14 09:22:06 - ******** This is Module  ppocr_webcam.py  END **************************
INFO:root:2024-05-14 09:27:33 - ******** This is Module  ppocr_webcam.py  GO ***************************
INFO:root:2024-05-14 09:27:33 - inifile : D:\ALL_PROJECT\a_Bosch\pyQT5_experimental\ai\paddle4github\config.ini
INFO:root:2024-05-14 09:27:33 - Camera Nr __ 1 __ is selected
INFO:root:2024-05-14 09:27:33 - try.. PaddleOCR( .. 
INFO:root:2024-05-14 09:28:05 - waitkey() - user pressed q - quit Application
INFO:root:2024-05-14 09:28:05 - ******** This is Module  ppocr_webcam.py  END **************************
